<?xml version="1.0" encoding="UTF-8" ?>
<testsuite tests="3" failures="1" name="testcases.PurchaseOrderTest" time="49.545" errors="0" skipped="2">
  <properties>
[...]
</properties>
  <testcase classname="testcases.PurchaseOrderTest" name="setUp" time="49.544">
    <failure message="Failed to connect to binary FirefoxBinary(C:\Program Files\Mozilla Firefox\firefox.exe) on port 7055; process output follows: 
[GFX1]: Potential driver version mismatch ignored due to missing DLLs igd10umd64 v= and igd10iumd64 v=
Crash Annotation GraphicsCriticalError: |[0][GFX1-]: RcANGLE(no compositor device for EGLDisplay) (t=1.91426) [GFX1-]: RcANGLE(no compositor device for EGLDisplay)
Crash Annotation GraphicsCriticalError: |[0][GFX1-]: RcANGLE(no compositor device for EGLDisplay) (t=1.91426) |[1][GFX1-]: RcANGLE(no compositor device for EGLDisplay)(Create) (t=3.03985) [GFX1-]: RcANGLE(no compositor device for EGLDisplay)(Create)
Crash Annotation GraphicsCriticalError: |[0][GFX1-]: RcANGLE(no compositor device for EGLDisplay) (t=1.91426) |[1][GFX1-]: RcANGLE(no compositor device for EGLDisplay)(Create) (t=3.03985) |[2][GFX1-]: Failed to connect WebRenderBridgeChild. (t=3.03985) [GFX1-]: Failed to connect WebRenderBridgeChild.
Crash Annotation GraphicsCriticalError: |[0][GFX1-]: RcANGLE(no compositor device for EGLDisplay) (t=1.91426) |[1][GFX1-]: RcANGLE(no compositor device for EGLDisplay)(Create) (t=3.03985) |[2][GFX1-]: Failed to connect WebRenderBridgeChild. (t=3.03985) |[3][GFX1-]: Fallback WR to SW-WR (t=3.06947) [GFX1-]: Fallback WR to SW-WR
Crash Annotation GraphicsCriticalError: |[0][GFX1-]: RcANGLE(no compositor device for EGLDisplay) (t=1.91426) |[1][GFX1-]: RcANGLE(no compositor device for EGLDisplay)(Create) (t=3.03985) |[2][GFX1-]: Failed to connect WebRenderBridgeChild. (t=3.03985) |[3][GFX1-]: Fallback WR to SW-WR (t=3.06947) |[4][GFX1-]: RenderCompositorSWGL failed mapping default framebuffer, no dt (t=4.71529) [GFX1-]: RenderCompositorSWGL failed mapping default framebuffer, no dt
Crash Annotation GraphicsCriticalError: |[C0][GFX1]: Potential driver version mismatch ignored due to missing DLLs igd10umd64 v= and igd10iumd64 v= (t=0.257337) [GFX1]: Potential driver version mismatch ignored due to missing DLLs igd10umd64 v= and igd10iumd64 v=
Crash Annotation GraphicsCriticalError: |[C0][GFX1]: Potential driver version mismatch ignored due to missing DLLs igd10umd64 v= and igd10iumd64 v= (t=0.205497) [GFX1]: Potential driver version mismatch ignored due to missing DLLs igd10umd64 v= and igd10iumd64 v=
JavaScript error: resource://gre/modules/XULStore.jsm, line 66: Error: Can&apos;t find profile directory.
Crash Annotation GraphicsCriticalError: |[C0][GFX1]: Potential driver version mismatch ignored due to missing DLLs igd10umd64 v= and igd10iumd64 v= (t=0.240674) [GFX1]: Potential driver version mismatch ignored due to missing DLLs igd10umd64 v= and igd10iumd64 v=
Crash Annotation GraphicsCriticalError: |[C0][GFX1]: Potential driver version mismatch ignored due to missing DLLs igd10umd64 v= and igd10iumd64 v= (t=0.879375) [GFX1]: Potential driver version mismatch ignored due to missing DLLs igd10umd64 v= and igd10iumd64 v=
Crash Annotation GraphicsCriticalError: |[C0][GFX1]: Potential driver version mismatch ignored due to missing DLLs igd10umd64 v= and igd10iumd64 v= (t=0.729428) [GFX1]: Potential driver version mismatch ignored due to missing DLLs igd10umd64 v= and igd10iumd64 v=
Crash Annotation GraphicsCriticalError: |[C0][GFX1]: Potential driver version mismatch ignored due to missing DLLs igd10umd64 v= and igd10iumd64 v= (t=0.479494) [GFX1]: Potential driver version mismatch ignored due to missing DLLs igd10umd64 v= and igd10iumd64 v=

Build info: version: &apos;2.48.2&apos;, revision: &apos;41bccdd10cf2c0560f637404c2d96164b67d9d67&apos;, time: &apos;2015-10-09 13:08:06&apos;
System info: host: &apos;IYYU-PC&apos;, ip: &apos;192.168.0.100&apos;, os.name: &apos;Windows 7&apos;, os.arch: &apos;amd64&apos;, os.version: &apos;6.1&apos;, java.version: &apos;1.8.0_201&apos;
Driver info: driver.version: FirefoxDriver" type="org.openqa.selenium.WebDriverException">org.openqa.selenium.WebDriverException: Failed to connect to binary FirefoxBinary(C:\Program Files\Mozilla Firefox\firefox.exe) on port 7055; process output follows: 
[GFX1]: Potential driver version mismatch ignored due to missing DLLs igd10umd64 v= and igd10iumd64 v=
Crash Annotation GraphicsCriticalError: |[0][GFX1-]: RcANGLE(no compositor device for EGLDisplay) (t=1.91426) [GFX1-]: RcANGLE(no compositor device for EGLDisplay)
Crash Annotation GraphicsCriticalError: |[0][GFX1-]: RcANGLE(no compositor device for EGLDisplay) (t=1.91426) |[1][GFX1-]: RcANGLE(no compositor device for EGLDisplay)(Create) (t=3.03985) [GFX1-]: RcANGLE(no compositor device for EGLDisplay)(Create)
Crash Annotation GraphicsCriticalError: |[0][GFX1-]: RcANGLE(no compositor device for EGLDisplay) (t=1.91426) |[1][GFX1-]: RcANGLE(no compositor device for EGLDisplay)(Create) (t=3.03985) |[2][GFX1-]: Failed to connect WebRenderBridgeChild. (t=3.03985) [GFX1-]: Failed to connect WebRenderBridgeChild.
Crash Annotation GraphicsCriticalError: |[0][GFX1-]: RcANGLE(no compositor device for EGLDisplay) (t=1.91426) |[1][GFX1-]: RcANGLE(no compositor device for EGLDisplay)(Create) (t=3.03985) |[2][GFX1-]: Failed to connect WebRenderBridgeChild. (t=3.03985) |[3][GFX1-]: Fallback WR to SW-WR (t=3.06947) [GFX1-]: Fallback WR to SW-WR
Crash Annotation GraphicsCriticalError: |[0][GFX1-]: RcANGLE(no compositor device for EGLDisplay) (t=1.91426) |[1][GFX1-]: RcANGLE(no compositor device for EGLDisplay)(Create) (t=3.03985) |[2][GFX1-]: Failed to connect WebRenderBridgeChild. (t=3.03985) |[3][GFX1-]: Fallback WR to SW-WR (t=3.06947) |[4][GFX1-]: RenderCompositorSWGL failed mapping default framebuffer, no dt (t=4.71529) [GFX1-]: RenderCompositorSWGL failed mapping default framebuffer, no dt
Crash Annotation GraphicsCriticalError: |[C0][GFX1]: Potential driver version mismatch ignored due to missing DLLs igd10umd64 v= and igd10iumd64 v= (t=0.257337) [GFX1]: Potential driver version mismatch ignored due to missing DLLs igd10umd64 v= and igd10iumd64 v=
Crash Annotation GraphicsCriticalError: |[C0][GFX1]: Potential driver version mismatch ignored due to missing DLLs igd10umd64 v= and igd10iumd64 v= (t=0.205497) [GFX1]: Potential driver version mismatch ignored due to missing DLLs igd10umd64 v= and igd10iumd64 v=
JavaScript error: resource://gre/modules/XULStore.jsm, line 66: Error: Can&apos;t find profile directory.
Crash Annotation GraphicsCriticalError: |[C0][GFX1]: Potential driver version mismatch ignored due to missing DLLs igd10umd64 v= and igd10iumd64 v= (t=0.240674) [GFX1]: Potential driver version mismatch ignored due to missing DLLs igd10umd64 v= and igd10iumd64 v=
Crash Annotation GraphicsCriticalError: |[C0][GFX1]: Potential driver version mismatch ignored due to missing DLLs igd10umd64 v= and igd10iumd64 v= (t=0.879375) [GFX1]: Potential driver version mismatch ignored due to missing DLLs igd10umd64 v= and igd10iumd64 v=
Crash Annotation GraphicsCriticalError: |[C0][GFX1]: Potential driver version mismatch ignored due to missing DLLs igd10umd64 v= and igd10iumd64 v= (t=0.729428) [GFX1]: Potential driver version mismatch ignored due to missing DLLs igd10umd64 v= and igd10iumd64 v=
Crash Annotation GraphicsCriticalError: |[C0][GFX1]: Potential driver version mismatch ignored due to missing DLLs igd10umd64 v= and igd10iumd64 v= (t=0.479494) [GFX1]: Potential driver version mismatch ignored due to missing DLLs igd10umd64 v= and igd10iumd64 v=
Build info: version: &apos;2.48.2&apos;, revision: &apos;41bccdd10cf2c0560f637404c2d96164b67d9d67&apos;, time: &apos;2015-10-09 13:08:06&apos;
System info: host: &apos;IYYU-PC&apos;, ip: &apos;192.168.0.100&apos;, os.name: &apos;Windows 7&apos;, os.arch: &apos;amd64&apos;, os.version: &apos;6.1&apos;, java.version: &apos;1.8.0_201&apos;
Driver info: driver.version: FirefoxDriver
	at org.openqa.selenium.firefox.internal.NewProfileExtensionConnection.start(NewProfileExtensionConnection.java:135)
	at org.openqa.selenium.firefox.FirefoxDriver.startClient(FirefoxDriver.java:271)
	at org.openqa.selenium.remote.RemoteWebDriver.&lt;init&gt;(RemoteWebDriver.java:117)
	at org.openqa.selenium.firefox.FirefoxDriver.&lt;init&gt;(FirefoxDriver.java:216)
	at org.openqa.selenium.firefox.FirefoxDriver.&lt;init&gt;(FirefoxDriver.java:211)
	at org.openqa.selenium.firefox.FirefoxDriver.&lt;init&gt;(FirefoxDriver.java:207)
	at org.openqa.selenium.firefox.FirefoxDriver.&lt;init&gt;(FirefoxDriver.java:120)
	at utils.DriverUtils.getDriver(DriverUtils.java:19)
	at testcases.PurchaseOrderTest.setUp(PurchaseOrderTest.java:24)
Caused by: org.openqa.selenium.firefox.NotConnectedException: Unable to connect to host 127.0.0.1 on port 7055 after 45000 ms. Firefox console output:
[GFX1]: Potential driver version mismatch ignored due to missing DLLs igd10umd64 v= and igd10iumd64 v=
Crash Annotation GraphicsCriticalError: |[0][GFX1-]: RcANGLE(no compositor device for EGLDisplay) (t=1.91426) [GFX1-]: RcANGLE(no compositor device for EGLDisplay)
Crash Annotation GraphicsCriticalError: |[0][GFX1-]: RcANGLE(no compositor device for EGLDisplay) (t=1.91426) |[1][GFX1-]: RcANGLE(no compositor device for EGLDisplay)(Create) (t=3.03985) [GFX1-]: RcANGLE(no compositor device for EGLDisplay)(Create)
Crash Annotation GraphicsCriticalError: |[0][GFX1-]: RcANGLE(no compositor device for EGLDisplay) (t=1.91426) |[1][GFX1-]: RcANGLE(no compositor device for EGLDisplay)(Create) (t=3.03985) |[2][GFX1-]: Failed to connect WebRenderBridgeChild. (t=3.03985) [GFX1-]: Failed to connect WebRenderBridgeChild.
Crash Annotation GraphicsCriticalError: |[0][GFX1-]: RcANGLE(no compositor device for EGLDisplay) (t=1.91426) |[1][GFX1-]: RcANGLE(no compositor device for EGLDisplay)(Create) (t=3.03985) |[2][GFX1-]: Failed to connect WebRenderBridgeChild. (t=3.03985) |[3][GFX1-]: Fallback WR to SW-WR (t=3.06947) [GFX1-]: Fallback WR to SW-WR
Crash Annotation GraphicsCriticalError: |[0][GFX1-]: RcANGLE(no compositor device for EGLDisplay) (t=1.91426) |[1][GFX1-]: RcANGLE(no compositor device for EGLDisplay)(Create) (t=3.03985) |[2][GFX1-]: Failed to connect WebRenderBridgeChild. (t=3.03985) |[3][GFX1-]: Fallback WR to SW-WR (t=3.06947) |[4][GFX1-]: RenderCompositorSWGL failed mapping default framebuffer, no dt (t=4.71529) [GFX1-]: RenderCompositorSWGL failed mapping default framebuffer, no dt
Crash Annotation GraphicsCriticalError: |[C0][GFX1]: Potential driver version mismatch ignored due to missing DLLs igd10umd64 v= and igd10iumd64 v= (t=0.257337) [GFX1]: Potential driver version mismatch ignored due to missing DLLs igd10umd64 v= and igd10iumd64 v=
Crash Annotation GraphicsCriticalError: |[C0][GFX1]: Potential driver version mismatch ignored due to missing DLLs igd10umd64 v= and igd10iumd64 v= (t=0.205497) [GFX1]: Potential driver version mismatch ignored due to missing DLLs igd10umd64 v= and igd10iumd64 v=
JavaScript error: resource://gre/modules/XULStore.jsm, line 66: Error: Can&apos;t find profile directory.
Crash Annotation GraphicsCriticalError: |[C0][GFX1]: Potential driver version mismatch ignored due to missing DLLs igd10umd64 v= and igd10iumd64 v= (t=0.240674) [GFX1]: Potential driver version mismatch ignored due to missing DLLs igd10umd64 v= and igd10iumd64 v=
Crash Annotation GraphicsCriticalError: |[C0][GFX1]: Potential driver version mismatch ignored due to missing DLLs igd10umd64 v= and igd10iumd64 v= (t=0.879375) [GFX1]: Potential driver version mismatch ignored due to missing DLLs igd10umd64 v= and igd10iumd64 v=
Crash Annotation GraphicsCriticalError: |[C0][GFX1]: Potential driver version mismatch ignored due to missing DLLs igd10umd64 v= and igd10iumd64 v= (t=0.729428) [GFX1]: Potential driver version mismatch ignored due to missing DLLs igd10umd64 v= and igd10iumd64 v=
Crash Annotation GraphicsCriticalError: |[C0][GFX1]: Potential driver version mismatch ignored due to missing DLLs igd10umd64 v= and igd10iumd64 v= (t=0.479494) [GFX1]: Potential driver version mismatch ignored due to missing DLLs igd10umd64 v= and igd10iumd64 v=

	at org.openqa.selenium.firefox.internal.NewProfileExtensionConnection.start(NewProfileExtensionConnection.java:123)
	... 42 more
</failure>
    <system-out>Configuring TestNG with: org.apache.maven.surefire.testng.conf.TestNGMapConfigurator@6438a396
</system-out>
    <system-err>org.openqa.selenium.firefox.NotConnectedException: Unable to connect to host 127.0.0.1 on port 7055 after 45000 ms. Firefox console output:
[GFX1]: Potential driver version mismatch ignored due to missing DLLs igd10umd64 v= and igd10iumd64 v=
Crash Annotation GraphicsCriticalError: |[0][GFX1-]: RcANGLE(no compositor device for EGLDisplay) (t=1.91426) [GFX1-]: RcANGLE(no compositor device for EGLDisplay)
Crash Annotation GraphicsCriticalError: |[0][GFX1-]: RcANGLE(no compositor device for EGLDisplay) (t=1.91426) |[1][GFX1-]: RcANGLE(no compositor device for EGLDisplay)(Create) (t=3.03985) [GFX1-]: RcANGLE(no compositor device for EGLDisplay)(Create)
Crash Annotation GraphicsCriticalError: |[0][GFX1-]: RcANGLE(no compositor device for EGLDisplay) (t=1.91426) |[1][GFX1-]: RcANGLE(no compositor device for EGLDisplay)(Create) (t=3.03985) |[2][GFX1-]: Failed to connect WebRenderBridgeChild. (t=3.03985) [GFX1-]: Failed to connect WebRenderBridgeChild.
Crash Annotation GraphicsCriticalError: |[0][GFX1-]: RcANGLE(no compositor device for EGLDisplay) (t=1.91426) |[1][GFX1-]: RcANGLE(no compositor device for EGLDisplay)(Create) (t=3.03985) |[2][GFX1-]: Failed to connect WebRenderBridgeChild. (t=3.03985) |[3][GFX1-]: Fallback WR to SW-WR (t=3.06947) [GFX1-]: Fallback WR to SW-WR
Crash Annotation GraphicsCriticalError: |[0][GFX1-]: RcANGLE(no compositor device for EGLDisplay) (t=1.91426) |[1][GFX1-]: RcANGLE(no compositor device for EGLDisplay)(Create) (t=3.03985) |[2][GFX1-]: Failed to connect WebRenderBridgeChild. (t=3.03985) |[3][GFX1-]: Fallback WR to SW-WR (t=3.06947) |[4][GFX1-]: RenderCompositorSWGL failed mapping default framebuffer, no dt (t=4.71529) [GFX1-]: RenderCompositorSWGL failed mapping default framebuffer, no dt
Crash Annotation GraphicsCriticalError: |[C0][GFX1]: Potential driver version mismatch ignored due to missing DLLs igd10umd64 v= and igd10iumd64 v= (t=0.257337) [GFX1]: Potential driver version mismatch ignored due to missing DLLs igd10umd64 v= and igd10iumd64 v=
Crash Annotation GraphicsCriticalError: |[C0][GFX1]: Potential driver version mismatch ignored due to missing DLLs igd10umd64 v= and igd10iumd64 v= (t=0.205497) [GFX1]: Potential driver version mismatch ignored due to missing DLLs igd10umd64 v= and igd10iumd64 v=
JavaScript error: resource://gre/modules/XULStore.jsm, line 66: Error: Can&apos;t find profile directory.
Crash Annotation GraphicsCriticalError: |[C0][GFX1]: Potential driver version mismatch ignored due to missing DLLs igd10umd64 v= and igd10iumd64 v= (t=0.240674) [GFX1]: Potential driver version mismatch ignored due to missing DLLs igd10umd64 v= and igd10iumd64 v=
Crash Annotation GraphicsCriticalError: |[C0][GFX1]: Potential driver version mismatch ignored due to missing DLLs igd10umd64 v= and igd10iumd64 v= (t=0.879375) [GFX1]: Potential driver version mismatch ignored due to missing DLLs igd10umd64 v= and igd10iumd64 v=
Crash Annotation GraphicsCriticalError: |[C0][GFX1]: Potential driver version mismatch ignored due to missing DLLs igd10umd64 v= and igd10iumd64 v= (t=0.729428) [GFX1]: Potential driver version mismatch ignored due to missing DLLs igd10umd64 v= and igd10iumd64 v=
Crash Annotation GraphicsCriticalError: |[C0][GFX1]: Potential driver version mismatch ignored due to missing DLLs igd10umd64 v= and igd10iumd64 v= (t=0.479494) [GFX1]: Potential driver version mismatch ignored due to missing DLLs igd10umd64 v= and igd10iumd64 v=

	at org.openqa.selenium.firefox.internal.NewProfileExtensionConnection.start(NewProfileExtensionConnection.java:123)
	at org.openqa.selenium.firefox.FirefoxDriver.startClient(FirefoxDriver.java:271)
	at org.openqa.selenium.remote.RemoteWebDriver.&lt;init&gt;(RemoteWebDriver.java:117)
	at org.openqa.selenium.firefox.FirefoxDriver.&lt;init&gt;(FirefoxDriver.java:216)
	at org.openqa.selenium.firefox.FirefoxDriver.&lt;init&gt;(FirefoxDriver.java:211)
	at org.openqa.selenium.firefox.FirefoxDriver.&lt;init&gt;(FirefoxDriver.java:207)
	at org.openqa.selenium.firefox.FirefoxDriver.&lt;init&gt;(FirefoxDriver.java:120)
	at utils.DriverUtils.getDriver(DriverUtils.java:19)
	at testcases.PurchaseOrderTest.setUp(PurchaseOrderTest.java:24)
	at sun.reflect.NativeMethodAccessorImpl.invoke0(Native Method)
	at sun.reflect.NativeMethodAccessorImpl.invoke(NativeMethodAccessorImpl.java:62)
	at sun.reflect.DelegatingMethodAccessorImpl.invoke(DelegatingMethodAccessorImpl.java:43)
	at java.lang.reflect.Method.invoke(Method.java:498)
	at org.testng.internal.MethodInvocationHelper.invokeMethod(MethodInvocationHelper.java:80)
	at org.testng.internal.Invoker.invokeConfigurationMethod(Invoker.java:525)
	at org.testng.internal.Invoker.invokeConfigurations(Invoker.java:202)
	at org.testng.internal.Invoker.invokeConfigurations(Invoker.java:130)
	at org.testng.internal.TestMethodWorker.invokeBeforeClassMethods(TestMethodWorker.java:173)
	at org.testng.internal.TestMethodWorker.run(TestMethodWorker.java:105)
	at org.testng.TestRunner.runWorkers(TestRunner.java:1178)
	at org.testng.TestRunner.privateRun(TestRunner.java:757)
	at org.testng.TestRunner.run(TestRunner.java:608)
	at org.testng.SuiteRunner.runTest(SuiteRunner.java:334)
	at org.testng.SuiteRunner.runSequentially(SuiteRunner.java:329)
	at org.testng.SuiteRunner.privateRun(SuiteRunner.java:291)
	at org.testng.SuiteRunner.run(SuiteRunner.java:240)
	at org.testng.SuiteRunnerWorker.runSuite(SuiteRunnerWorker.java:52)
	at org.testng.SuiteRunnerWorker.run(SuiteRunnerWorker.java:86)
	at org.testng.TestNG.runSuitesSequentially(TestNG.java:1158)
	at org.testng.TestNG.runSuitesLocally(TestNG.java:1083)
	at org.testng.TestNG.run(TestNG.java:999)
	at org.apache.maven.surefire.testng.TestNGExecutor.run(TestNGExecutor.java:77)
	at org.apache.maven.surefire.testng.TestNGDirectoryTestSuite.execute(TestNGDirectoryTestSuite.java:110)
	at org.apache.maven.surefire.testng.TestNGProvider.invoke(TestNGProvider.java:106)
	at sun.reflect.NativeMethodAccessorImpl.invoke0(Native Method)
	at sun.reflect.NativeMethodAccessorImpl.invoke(NativeMethodAccessorImpl.java:62)
	at sun.reflect.DelegatingMethodAccessorImpl.invoke(DelegatingMethodAccessorImpl.java:43)
	at java.lang.reflect.Method.invoke(Method.java:498)
	at org.apache.maven.surefire.util.ReflectionUtils.invokeMethodWithArray(ReflectionUtils.java:189)
	at org.apache.maven.surefire.booter.ProviderFactory$ProviderProxy.invoke(ProviderFactory.java:165)
	at org.apache.maven.surefire.booter.ProviderFactory.invokeProvider(ProviderFactory.java:85)
	at org.apache.maven.surefire.booter.ForkedBooter.runSuitesInProcess(ForkedBooter.java:115)
	at org.apache.maven.surefire.booter.ForkedBooter.main(ForkedBooter.java:75)
</system-err>
  </testcase>
  <testcase classname="testcases.PurchaseOrderTest" name="test_createPurchaseOrderForSingleProduct" time="0">
    <skipped/>
  </testcase>
  <testcase classname="testcases.PurchaseOrderTest" name="tearDown" time="0.001">
    <skipped/>
  </testcase>
</testsuite>